e:\mfc_cropdetect\mfcapplication1\x64\debug\mfc_opencv_ch.pch
e:\mfc_cropdetect\mfcapplication1\x64\debug\vc141.pdb
e:\mfc_cropdetect\mfcapplication1\x64\debug\vc141.idb
e:\mfc_cropdetect\mfcapplication1\x64\debug\stdafx.obj
e:\mfc_cropdetect\mfcapplication1\x64\debug\cameraparams.obj
e:\mfc_cropdetect\mfcapplication1\x64\debug\opencvhelper.obj
e:\mfc_cropdetect\mfcapplication1\x64\debug\mfcapplication1dlg.obj
e:\mfc_cropdetect\mfcapplication1\x64\debug\mainapp.obj
e:\mfc_cropdetect\x64\debug\mfc_opencv_ch.ilk
e:\mfc_cropdetect\x64\debug\mfc_opencv_ch.exe
e:\mfc_cropdetect\mfcapplication1\x64\debug\mfc_opencv_ch.exe.intermediate.manifest
e:\mfc_cropdetect\x64\debug\mfc_opencv_ch.pdb
e:\mfc_cropdetect\x64\debug\mfc_opencv_ch.exe.manifest
e:\mfc_cropdetect\mfcapplication1\x64\debug\mfcapplication1.res
e:\mfc_cropdetect\mfcapplication1\x64\debug\mfc_opencv_ch.tlog\cl.command.1.tlog
e:\mfc_cropdetect\mfcapplication1\x64\debug\mfc_opencv_ch.tlog\cl.read.1.tlog
e:\mfc_cropdetect\mfcapplication1\x64\debug\mfc_opencv_ch.tlog\cl.write.1.tlog
e:\mfc_cropdetect\mfcapplication1\x64\debug\mfc_opencv_ch.tlog\link.command.1.tlog
e:\mfc_cropdetect\mfcapplication1\x64\debug\mfc_opencv_ch.tlog\link.read.1.tlog
e:\mfc_cropdetect\mfcapplication1\x64\debug\mfc_opencv_ch.tlog\link.write.1.tlog
e:\mfc_cropdetect\mfcapplication1\x64\debug\mfc_opencv_ch.tlog\mt.command.1.tlog
e:\mfc_cropdetect\mfcapplication1\x64\debug\mfc_opencv_ch.tlog\mt.read.1.tlog
e:\mfc_cropdetect\mfcapplication1\x64\debug\mfc_opencv_ch.tlog\mt.write.1.tlog
e:\mfc_cropdetect\mfcapplication1\x64\debug\mfc_opencv_ch.tlog\rc.command.1.tlog
e:\mfc_cropdetect\mfcapplication1\x64\debug\mfc_opencv_ch.tlog\rc.read.1.tlog
e:\mfc_cropdetect\mfcapplication1\x64\debug\mfc_opencv_ch.tlog\rc.write.1.tlog
