C:\Program Files (x86)\Microsoft Visual Studio\2017\Professional\Common7\IDE\VC\VCTargets\Microsoft.CppBuild.targets(391,5): warning MSB8028: 中间目录(x64\Debug\)包含从另一个项目(MFCApplication1.vcxproj)共享的文件。   这会导致错误的清除和重新生成行为。
  stdafx.cpp
  CameraParams.cpp
e:\mfc_cropdetect\mfcapplication1\cameraparams.cpp(58): warning C4267: “=”: 从“size_t”转换到“int”，可能丢失数据
e:\mfc_cropdetect\mfcapplication1\cameraparams.cpp(88): warning C4244: “=”: 从“_Tp”转换到“_Tp”，可能丢失数据
          with
          [
              _Tp=int
          ]
          and
          [
              _Tp=float
          ]
e:\mfc_cropdetect\mfcapplication1\cameraparams.cpp(89): warning C4244: “=”: 从“_Tp”转换到“_Tp”，可能丢失数据
          with
          [
              _Tp=int
          ]
          and
          [
              _Tp=float
          ]
e:\mfc_cropdetect\mfcapplication1\cameraparams.cpp(124): warning C4267: “参数”: 从“size_t”转换到“int”，可能丢失数据
e:\mfc_cropdetect\mfcapplication1\cameraparams.cpp(125): warning C4267: “参数”: 从“size_t”转换到“int”，可能丢失数据
e:\mfc_cropdetect\mfcapplication1\cameraparams.cpp(128): warning C4267: “参数”: 从“size_t”转换到“int”，可能丢失数据
e:\mfc_cropdetect\mfcapplication1\cameraparams.cpp(129): warning C4267: “参数”: 从“size_t”转换到“int”，可能丢失数据
e:\mfc_cropdetect\mfcapplication1\cameraparams.cpp(283): warning C4244: “参数”: 从“double”转换到“_Tp”，可能丢失数据
          with
          [
              _Tp=float
          ]
e:\mfc_cropdetect\mfcapplication1\cameraparams.cpp(284): warning C4244: “参数”: 从“double”转换到“_Tp”，可能丢失数据
          with
          [
              _Tp=float
          ]
e:\mfc_cropdetect\mfcapplication1\cameraparams.cpp(285): warning C4244: “参数”: 从“double”转换到“_Tp”，可能丢失数据
          with
          [
              _Tp=float
          ]
e:\mfc_cropdetect\mfcapplication1\cameraparams.cpp(286): warning C4244: “参数”: 从“double”转换到“_Tp”，可能丢失数据
          with
          [
              _Tp=float
          ]
e:\mfc_cropdetect\mfcapplication1\cameraparams.cpp(286): warning C4244: “参数”: 从“int”转换到“_Tp”，可能丢失数据
          with
          [
              _Tp=float
          ]
e:\mfc_cropdetect\mfcapplication1\cameraparams.cpp(287): warning C4244: “参数”: 从“double”转换到“_Tp”，可能丢失数据
          with
          [
              _Tp=float
          ]
e:\mfc_cropdetect\mfcapplication1\cameraparams.cpp(288): warning C4244: “参数”: 从“double”转换到“_Tp”，可能丢失数据
          with
          [
              _Tp=float
          ]
e:\mfc_cropdetect\mfcapplication1\cameraparams.cpp(289): warning C4244: “参数”: 从“double”转换到“_Tp”，可能丢失数据
          with
          [
              _Tp=float
          ]
e:\mfc_cropdetect\mfcapplication1\cameraparams.cpp(290): warning C4244: “参数”: 从“double”转换到“_Tp”，可能丢失数据
          with
          [
              _Tp=float
          ]
  MainApp.cpp
e:\mfc_cropdetect\mfcapplication1\opencvhelper.h(13): warning C4091: “typedef ”: 没有声明变量时忽略“Result”的左侧
e:\mfc_cropdetect\mfcapplication1\opencvhelper.h(92): warning C4244: “=”: 从“double”转换到“int”，可能丢失数据
e:\mfc_cropdetect\mfcapplication1\opencvhelper.h(93): warning C4244: “=”: 从“double”转换到“int”，可能丢失数据
  MFCApplication1Dlg.cpp
e:\mfc_cropdetect\mfcapplication1\opencvhelper.h(13): warning C4091: “typedef ”: 没有声明变量时忽略“Result”的左侧
e:\mfc_cropdetect\mfcapplication1\opencvhelper.h(92): warning C4244: “=”: 从“double”转换到“int”，可能丢失数据
e:\mfc_cropdetect\mfcapplication1\opencvhelper.h(93): warning C4244: “=”: 从“double”转换到“int”，可能丢失数据
e:\mfc_cropdetect\mfcapplication1\mfcapplication1dlg.cpp(524): warning C4101: “szcode”: 未引用的局部变量
e:\mfc_cropdetect\mfcapplication1\mfcapplication1dlg.cpp(525): warning C4101: “sztmp”: 未引用的局部变量
e:\mfc_cropdetect\mfcapplication1\mfcapplication1dlg.cpp(524): warning C4101: “szmask”: 未引用的局部变量
e:\mfc_cropdetect\mfcapplication1\mfcapplication1dlg.cpp(524): warning C4101: “sztiming0”: 未引用的局部变量
e:\mfc_cropdetect\mfcapplication1\mfcapplication1dlg.cpp(524): warning C4101: “sztiming1”: 未引用的局部变量
  OpencvHelper.cpp
e:\mfc_cropdetect\mfcapplication1\opencvhelper.h(13): warning C4091: “typedef ”: 没有声明变量时忽略“Result”的左侧
e:\mfc_cropdetect\mfcapplication1\opencvhelper.h(92): warning C4244: “=”: 从“double”转换到“int”，可能丢失数据
e:\mfc_cropdetect\mfcapplication1\opencvhelper.h(93): warning C4244: “=”: 从“double”转换到“int”，可能丢失数据
e:\mfc_cropdetect\mfcapplication1\opencvhelper.cpp(133): warning C4267: “=”: 从“size_t”转换到“int”，可能丢失数据
e:\mfc_cropdetect\mfcapplication1\opencvhelper.cpp(143): warning C4244: “参数”: 从“_Tp”转换到“_Tp”，可能丢失数据
          with
          [
              _Tp=float
          ]
          and
          [
              _Tp=int
          ]
e:\mfc_cropdetect\mfcapplication1\opencvhelper.cpp(178): warning C4244: “参数”: 从“double”转换到“_Tp”，可能丢失数据
          with
          [
              _Tp=float
          ]
e:\mfc_cropdetect\mfcapplication1\opencvhelper.cpp(179): warning C4244: “参数”: 从“double”转换到“_Tp”，可能丢失数据
          with
          [
              _Tp=float
          ]
e:\mfc_cropdetect\mfcapplication1\opencvhelper.cpp(179): warning C4244: “参数”: 从“int”转换到“_Tp”，可能丢失数据
          with
          [
              _Tp=float
          ]
e:\mfc_cropdetect\mfcapplication1\opencvhelper.cpp(180): warning C4244: “参数”: 从“double”转换到“_Tp”，可能丢失数据
          with
          [
              _Tp=float
          ]
e:\mfc_cropdetect\mfcapplication1\opencvhelper.cpp(181): warning C4244: “参数”: 从“double”转换到“_Tp”，可能丢失数据
          with
          [
              _Tp=float
          ]
e:\mfc_cropdetect\mfcapplication1\opencvhelper.cpp(181): warning C4244: “参数”: 从“int”转换到“_Tp”，可能丢失数据
          with
          [
              _Tp=float
          ]
e:\mfc_cropdetect\mfcapplication1\opencvhelper.cpp(374): warning C4244: “=”: 从“double”转换到“int”，可能丢失数据
e:\mfc_cropdetect\mfcapplication1\opencvhelper.cpp(367): warning C4101: “r”: 未引用的局部变量
e:\mfc_cropdetect\mfcapplication1\opencvhelper.cpp(442): warning C4244: “=”: 从“float”转换到“_Tp”，可能丢失数据
          with
          [
              _Tp=int
          ]
e:\mfc_cropdetect\mfcapplication1\opencvhelper.cpp(444): warning C4244: “=”: 从“float”转换到“_Tp”，可能丢失数据
          with
          [
              _Tp=int
          ]
e:\mfc_cropdetect\mfcapplication1\opencvhelper.cpp(448): warning C4244: “=”: 从“float”转换到“_Tp”，可能丢失数据
          with
          [
              _Tp=int
          ]
e:\mfc_cropdetect\mfcapplication1\opencvhelper.cpp(450): warning C4244: “=”: 从“float”转换到“_Tp”，可能丢失数据
          with
          [
              _Tp=int
          ]
  正在生成代码...
  MFCApplication1.vcxproj -> E:\MFC_CropDetect\x64\Debug\MFC_OpenCV_CH.exe
